<?xml version="1.0" encoding="UTF-8"?>
<coverage generated="1780341785422" clover="3.2.0">
  <project timestamp="1780341785423" name="All files">
    <metrics statements="16" coveredstatements="16" conditionals="4" coveredconditionals="4" methods="2" coveredmethods="2" elements="22" coveredelements="22" complexity="0" loc="16" ncloc="16" packages="1" files="2" classes="2"/>
    <file name="integerToRoman.js" path="/app/src/integerToRoman.js">
      <metrics statements="6" coveredstatements="6" conditionals="2" coveredconditionals="2" methods="1" coveredmethods="1"/>
      <line num="3" count="29" type="stmt"/>
      <line num="19" count="29" type="stmt"/>
      <line num="20" count="343" type="cond" truecount="2" falsecount="0"/>
      <line num="21" count="17" type="stmt"/>
      <line num="25" count="12" type="stmt"/>
      <line num="28" count="1" type="stmt"/>
    </file>
    <file name="romanToInteger.js" path="/app/src/romanToInteger.js">
      <metrics statements="10" coveredstatements="10" conditionals="2" coveredconditionals="2" methods="1" coveredmethods="1"/>
      <line num="2" count="12" type="stmt"/>
      <line num="11" count="12" type="stmt"/>
      <line num="13" count="12" type="stmt"/>
      <line num="14" count="19" type="stmt"/>
      <line num="15" count="19" type="stmt"/>
      <line num="17" count="19" type="cond" truecount="2" falsecount="0"/>
      <line num="18" count="4" type="stmt"/>
      <line num="20" count="15" type="stmt"/>
      <line num="24" count="12" type="stmt"/>
      <line num="27" count="1" type="stmt"/>
    </file>
  </project>
</coverage>
