{"/app/src/integerToRoman.js": {"path":"/app/src/integerToRoman.js","statementMap":{"0":{"start":{"line":3,"column":22},"end":{"line":17,"column":5}},"1":{"start":{"line":19,"column":4},"end":{"line":23,"column":5}},"2":{"start":{"line":20,"column":8},"end":{"line":22,"column":9}},"3":{"start":{"line":21,"column":12},"end":{"line":21,"column":58}},"4":{"start":{"line":25,"column":4},"end":{"line":25,"column":14}},"5":{"start":{"line":28,"column":0},"end":{"line":28,"column":32}}},"fnMap":{"0":{"name":"integerToRoman","decl":{"start":{"line":1,"column":9},"end":{"line":1,"column":23}},"loc":{"start":{"line":1,"column":31},"end":{"line":26,"column":1}},"line":1}},"branchMap":{"0":{"loc":{"start":{"line":20,"column":8},"end":{"line":22,"column":9}},"type":"if","locations":[{"start":{"line":20,"column":8},"end":{"line":22,"column":9}},{"start":{},"end":{}}],"line":20}},"s":{"0":29,"1":29,"2":343,"3":17,"4":12,"5":1},"f":{"0":29},"b":{"0":[17,326]},"_coverageSchema":"1a1c01bbd47fc00a2c39e90264f33305004495a9","hash":"60393715b495c3dd21ac84cbdc065462a3c34645"}
,"/app/src/romanToInteger.js": {"path":"/app/src/romanToInteger.js","statementMap":{"0":{"start":{"line":2,"column":19},"end":{"line":10,"column":5}},"1":{"start":{"line":11,"column":17},"end":{"line":11,"column":18}},"2":{"start":{"line":13,"column":4},"end":{"line":22,"column":5}},"3":{"start":{"line":13,"column":17},"end":{"line":13,"column":18}},"4":{"start":{"line":14,"column":24},"end":{"line":14,"column":50}},"5":{"start":{"line":15,"column":21},"end":{"line":15,"column":51}},"6":{"start":{"line":17,"column":8},"end":{"line":21,"column":9}},"7":{"start":{"line":18,"column":12},"end":{"line":18,"column":30}},"8":{"start":{"line":20,"column":12},"end":{"line":20,"column":30}},"9":{"start":{"line":24,"column":4},"end":{"line":24,"column":18}},"10":{"start":{"line":27,"column":0},"end":{"line":27,"column":32}}},"fnMap":{"0":{"name":"romanToInteger","decl":{"start":{"line":1,"column":9},"end":{"line":1,"column":23}},"loc":{"start":{"line":1,"column":41},"end":{"line":25,"column":1}},"line":1}},"branchMap":{"0":{"loc":{"start":{"line":17,"column":8},"end":{"line":21,"column":9}},"type":"if","locations":[{"start":{"line":17,"column":8},"end":{"line":21,"column":9}},{"start":{"line":19,"column":15},"end":{"line":21,"column":9}}],"line":17}},"s":{"0":12,"1":12,"2":12,"3":12,"4":19,"5":19,"6":19,"7":4,"8":15,"9":12,"10":1},"f":{"0":12},"b":{"0":[4,15]},"_coverageSchema":"1a1c01bbd47fc00a2c39e90264f33305004495a9","hash":"acfc8774c6182cd12828576b560b24a95561e53c"}
}
